<?xml version="1.0" encoding="UTF-8"?>
<testng-results ignored="0" total="1" passed="1" failed="0" skipped="0">
  <reporter-output>
  </reporter-output>
  <suite started-at="2023-05-19T12:37:49 IST" name="Default suite" finished-at="2023-05-19T12:38:05 IST" duration-ms="16177">
    <groups>
    </groups>
    <test started-at="2023-05-19T12:37:49 IST" name="Default test" finished-at="2023-05-19T12:38:05 IST" duration-ms="16177">
      <class name="dropdownboxes.AssignmentDropdown3">
        <test-method signature="fbLaunch()[pri:0, instance:dropdownboxes.AssignmentDropdown3@6ce139a4]" started-at="2023-05-19T12:37:49 IST" name="fbLaunch" finished-at="2023-05-19T12:38:05 IST" duration-ms="16146" status="PASS">
          <reporter-output>
          </reporter-output>
        </test-method> <!-- fbLaunch -->
      </class> <!-- dropdownboxes.AssignmentDropdown3 -->
    </test> <!-- Default test -->
  </suite> <!-- Default suite -->
</testng-results>
